<?xml version="1.0" encoding="UTF-8"?>
<!-- Generated by org.testng.reporters.JUnitXMLReporter -->
<testsuite ignored="0" hostname="Shamanth" failures="0" tests="6" name="Default test" time="0.16" errors="0" timestamp="2024-01-20T21:35:13 IST">
  <testcase classname="TestNGAll.BikeLoan" name="LoginMobile" time="0.022"/>
  <testcase classname="TestNGAll.BikeLoan" name="LoginMobile" time="0.002"/>
  <testcase classname="TestNGAll.BikeLoan" name="LoginMobile" time="0.003"/>
  <testcase classname="TestNGAll.BikeLoan" name="LoginWeb" time="0.005"/>
  <testcase classname="TestNGAll.BikeLoan" name="password" time="0.002"/>
  <testcase classname="TestNGAll.BikeLoan" name="LoginRestAPI" time="0.002"/>
</testsuite> <!-- Default test -->
