<?xml version="1.0" encoding="UTF-8"?>
<!-- Generated by org.testng.reporters.JUnitXMLReporter -->
<testsuite ignored="0" hostname="Shamanth" failures="0" tests="4" name="Default test" time="0.086" errors="0" timestamp="2024-01-25T11:16:16 IST">
  <testcase classname="TestNGAll.CarLoan" name="LoginMobile" time="0.008"/>
  <testcase classname="TestNGAll.CarLoan" name="LoginRestAPI" time="0.002"/>
  <testcase classname="TestNGAll.CarLoan" name="LoginWeb" time="0.001"/>
  <testcase classname="TestNGAll.CarLoan" name="password" time="0.001"/>
</testsuite> <!-- Default test -->
