<?xml version="1.0" encoding="UTF-8"?>
<!-- Generated by org.testng.reporters.JUnitXMLReporter -->
<testsuite ignored="4" hostname="Shamanth" failures="0" tests="12" name="Test" time="0.105" errors="0" timestamp="2024-05-06T13:47:07 IST">
  <testcase classname="TestNGAll.HomeLoan" name="LoginMobile" time="0.006"/>
  <testcase classname="TestNGAll.HomeLoan" name="LoginRestAPI" time="0.001"/>
  <testcase classname="TestNGAll.HomeLoan" name="LoginWeb" time="0.002"/>
  <testcase classname="TestNGAll.HomeLoan" name="password" time="0.001"/>
  <testcase classname="TestNGAll.CarLoan" name="LoginMobile" time="0.001"/>
  <testcase classname="TestNGAll.CarLoan" name="LoginRestAPI" time="0.001"/>
  <testcase classname="TestNGAll.CarLoan" name="LoginWeb" time="0.001"/>
  <testcase classname="TestNGAll.CarLoan" name="password" time="0.001"/>
  <testcase classname="TestNGAll.EducationLoan" name="LoginRestAPI" time="0.002"/>
  <testcase classname="TestNGAll.PersonalLoan" name="LoginMobile" time="0.002"/>
  <testcase classname="TestNGAll.PersonalLoan" name="LoginRestAPI" time="0.001"/>
  <testcase classname="TestNGAll.PersonalLoan" name="LoginWeb" time="0.001"/>
  <testcase classname="TestNGAll.EducationLoan" name="LoginMobile" time="0.0">
    <ignored/>
  </testcase> <!-- LoginMobile -->
  <testcase classname="TestNGAll.PersonalLoan" name="password" time="0.0">
    <ignored/>
  </testcase> <!-- password -->
  <testcase classname="TestNGAll.EducationLoan" name="LoginWeb" time="0.0">
    <ignored/>
  </testcase> <!-- LoginWeb -->
  <testcase classname="TestNGAll.EducationLoan" name="password" time="0.0">
    <ignored/>
  </testcase> <!-- password -->
</testsuite> <!-- Test -->
