<?xml version="1.0" encoding="UTF-8"?>
<testng-results ignored="0" total="4" passed="4" failed="0" skipped="0">
  <reporter-output>
  </reporter-output>
  <suite started-at="2024-01-19T17:35:23 IST" name="Default suite" finished-at="2024-01-19T17:35:23 IST" duration-ms="54">
    <groups>
      <group name="Smoke">
        <method signature="EducationLoan.LoginMobile()[pri:0, instance:TestNGAll.EducationLoan@59fd97a8]" name="LoginMobile" class="TestNGAll.EducationLoan"/>
      </group> <!-- Smoke -->
    </groups>
    <test started-at="2024-01-19T17:35:23 IST" name="Default test" finished-at="2024-01-19T17:35:23 IST" duration-ms="54">
      <class name="TestNGAll.EducationLoan">
        <test-method signature="LoginMobile()[pri:0, instance:TestNGAll.EducationLoan@59fd97a8]" started-at="2024-01-19T17:35:23 IST" name="LoginMobile" finished-at="2024-01-19T17:35:23 IST" duration-ms="15" status="PASS">
          <reporter-output>
          </reporter-output>
        </test-method> <!-- LoginMobile -->
        <test-method signature="LoginRestAPI()[pri:0, instance:TestNGAll.EducationLoan@59fd97a8]" started-at="2024-01-19T17:35:23 IST" name="LoginRestAPI" finished-at="2024-01-19T17:35:23 IST" duration-ms="1" status="PASS">
          <reporter-output>
          </reporter-output>
        </test-method> <!-- LoginRestAPI -->
        <test-method signature="LoginWeb()[pri:0, instance:TestNGAll.EducationLoan@59fd97a8]" started-at="2024-01-19T17:35:23 IST" name="LoginWeb" finished-at="2024-01-19T17:35:23 IST" duration-ms="2" status="PASS">
          <reporter-output>
          </reporter-output>
        </test-method> <!-- LoginWeb -->
        <test-method signature="password()[pri:0, instance:TestNGAll.EducationLoan@59fd97a8]" started-at="2024-01-19T17:35:23 IST" name="password" finished-at="2024-01-19T17:35:23 IST" duration-ms="1" status="PASS">
          <reporter-output>
          </reporter-output>
        </test-method> <!-- password -->
      </class> <!-- TestNGAll.EducationLoan -->
    </test> <!-- Default test -->
  </suite> <!-- Default suite -->
</testng-results>
