<?xml version="1.0" encoding="UTF-8"?>
<!-- Generated by org.testng.reporters.JUnitReportReporter -->
<testsuite hostname="Shamanth" failures="0" tests="4" name="TestNGAll.HomeLoan" time="0.010" errors="0" timestamp="2024-05-06T13:47:07 IST" skipped="0">
  <testcase classname="TestNGAll.HomeLoan" name="password" time="0.001"/>
  <testcase classname="TestNGAll.HomeLoan" name="LoginRestAPI" time="0.001"/>
  <testcase classname="TestNGAll.HomeLoan" name="LoginWeb" time="0.002"/>
  <testcase classname="TestNGAll.HomeLoan" name="LoginMobile" time="0.006"/>
</testsuite> <!-- TestNGAll.HomeLoan -->
